d:\prog\mql4\nn\mt4\mtguru1\release\mtguru1.bsc
d:\prog\mql4\nn\mt4\mtguru1\release\mtguru1.pch
d:\prog\mql4\nn\mt4\mtguru1\release\vc140.pdb
d:\prog\mql4\nn\mt4\mtguru1\release\stdafx.sbr
d:\prog\mql4\nn\mt4\mtguru1\release\stdafx.obj
d:\prog\mql4\nn\mt4\mtguru1\release\mtguru1.sbr
d:\prog\mql4\nn\mt4\mtguru1\release\mtguru1.obj
d:\prog\mql4\nn\mt4\mtguru1.dll
d:\prog\mql4\nn\mt4\mtguru1\release\mtguru1.pdb
d:\prog\mql4\nn\mt4\mtguru1\release\mtguru1.lib
d:\prog\mql4\nn\mt4\mtguru1\release\mtguru1.exp
d:\prog\mql4\nn\mt4\mtguru1\release\mtguru1.tlog\bscmake.command.1.tlog
d:\prog\mql4\nn\mt4\mtguru1\release\mtguru1.tlog\bscmake.read.1.tlog
d:\prog\mql4\nn\mt4\mtguru1\release\mtguru1.tlog\bscmake.write.1.tlog
d:\prog\mql4\nn\mt4\mtguru1\release\mtguru1.tlog\cl.command.1.tlog
d:\prog\mql4\nn\mt4\mtguru1\release\mtguru1.tlog\cl.read.1.tlog
d:\prog\mql4\nn\mt4\mtguru1\release\mtguru1.tlog\cl.write.1.tlog
d:\prog\mql4\nn\mt4\mtguru1\release\mtguru1.tlog\link.command.1.tlog
d:\prog\mql4\nn\mt4\mtguru1\release\mtguru1.tlog\link.read.1.tlog
d:\prog\mql4\nn\mt4\mtguru1\release\mtguru1.tlog\link.write.1.tlog
d:\prog\mql4\nn\mt4\mtguru1\release\mtguru1.tlog\mtguru1.write.1u.tlog
